<?xml version="1.0" encoding="UTF-8"?>
<testng-results ignored="0" total="2" passed="2" failed="0" skipped="0">
  <reporter-output>
  </reporter-output>
  <suite started-at="2025-05-17T16:35:59 IST" name="Suite" finished-at="2025-05-17T16:36:09 IST" duration-ms="9246">
    <groups>
    </groups>
    <test started-at="2025-05-17T16:35:59 IST" name="Test" finished-at="2025-05-17T16:36:09 IST" duration-ms="9246">
      <class name="com.cjc.parabank.web.tests.ParaBankTest">
        <test-method is-config="true" signature="launchbrowser()[pri:0, instance:com.cjc.parabank.web.tests.ParaBankTest@38e79ae3]" started-at="2025-05-17T16:35:58 IST" name="launchbrowser" finished-at="2025-05-17T16:35:59 IST" duration-ms="1159" status="PASS">
          <reporter-output>
          </reporter-output>
        </test-method> <!-- launchbrowser -->
        <test-method is-config="true" signature="enterUrl()[pri:0, instance:com.cjc.parabank.web.tests.ParaBankTest@38e79ae3]" started-at="2025-05-17T16:35:59 IST" name="enterUrl" finished-at="2025-05-17T16:36:03 IST" duration-ms="3966" status="PASS">
          <reporter-output>
          </reporter-output>
        </test-method> <!-- enterUrl -->
        <test-method is-config="true" signature="beforeClass()[pri:0, instance:com.cjc.parabank.web.tests.ParaBankTest@38e79ae3]" started-at="2025-05-17T16:36:03 IST" name="beforeClass" finished-at="2025-05-17T16:36:03 IST" duration-ms="15" status="PASS">
          <reporter-output>
          </reporter-output>
        </test-method> <!-- beforeClass -->
        <test-method is-config="true" signature="beforeMethod()[pri:0, instance:com.cjc.parabank.web.tests.ParaBankTest@38e79ae3]" started-at="2025-05-17T16:36:03 IST" name="beforeMethod" finished-at="2025-05-17T16:36:03 IST" duration-ms="0" status="PASS">
          <reporter-output>
          </reporter-output>
        </test-method> <!-- beforeMethod -->
        <test-method signature="getRegister(java.lang.String,java.lang.String,java.lang.String,java.lang.String,java.lang.String,java.lang.String,java.lang.String,java.lang.String,java.lang.String,java.lang.String,java.lang.String)[pri:1, instance:com.cjc.parabank.web.tests.ParaBankTest@38e79ae3]" started-at="2025-05-17T16:36:03 IST" name="getRegister" data-provider="getdata" finished-at="2025-05-17T16:36:07 IST" duration-ms="4062" status="PASS">
          <params>
            <param index="0">
              <value>
                <![CDATA[Nilesh]]>
              </value>
            </param>
            <param index="1">
              <value>
                <![CDATA[Solanki]]>
              </value>
            </param>
            <param index="2">
              <value>
                <![CDATA[Karve Nagar]]>
              </value>
            </param>
            <param index="3">
              <value>
                <![CDATA[Pune]]>
              </value>
            </param>
            <param index="4">
              <value>
                <![CDATA[Maharastra]]>
              </value>
            </param>
            <param index="5">
              <value>
                <![CDATA[411051]]>
              </value>
            </param>
            <param index="6">
              <value>
                <![CDATA[79995432166]]>
              </value>
            </param>
            <param index="7">
              <value>
                <![CDATA[54365476]]>
              </value>
            </param>
            <param index="8">
              <value>
                <![CDATA[nilesh11]]>
              </value>
            </param>
            <param index="9">
              <value>
                <![CDATA[nilesh@11]]>
              </value>
            </param>
            <param index="10">
              <value>
                <![CDATA[nilesh@11]]>
              </value>
            </param>
          </params>
          <reporter-output>
          </reporter-output>
        </test-method> <!-- getRegister -->
        <test-method is-config="true" signature="beforeMethod()[pri:0, instance:com.cjc.parabank.web.tests.ParaBankTest@38e79ae3]" started-at="2025-05-17T16:36:07 IST" name="beforeMethod" finished-at="2025-05-17T16:36:07 IST" duration-ms="1" status="PASS">
          <reporter-output>
          </reporter-output>
        </test-method> <!-- beforeMethod -->
        <test-method signature="getLogInfo(java.lang.String,java.lang.String)[pri:2, instance:com.cjc.parabank.web.tests.ParaBankTest@38e79ae3]" started-at="2025-05-17T16:36:07 IST" name="getLogInfo" finished-at="2025-05-17T16:36:09 IST" duration-ms="1161" status="PASS">
          <params>
            <param index="0">
              <value>
                <![CDATA[nilesh11]]>
              </value>
            </param>
            <param index="1">
              <value>
                <![CDATA[nilesh@11]]>
              </value>
            </param>
          </params>
          <reporter-output>
          </reporter-output>
        </test-method> <!-- getLogInfo -->
      </class> <!-- com.cjc.parabank.web.tests.ParaBankTest -->
    </test> <!-- Test -->
  </suite> <!-- Suite -->
</testng-results>
